<?xml version="1.0" encoding="UTF-8"?>
<!-- Generated by org.testng.reporters.JUnitReportReporter -->
<testsuite hostname="LAPTOP-ECTHVS1P" failures="0" tests="8" name="testcases.RegressionTest" time="132.690" errors="0" timestamp="22 May 2021 13:32:19 GMT" skipped="0">
  <testcase classname="testcases.RegressionTest" name="launchURL" time="29.306"/>
  <testcase classname="testcases.RegressionTest" name="launchURL" time="19.317"/>
  <testcase classname="testcases.RegressionTest" name="upBikes" time="14.946"/>
  <testcase classname="testcases.RegressionTest" name="upBikes" time="15.681"/>
  <testcase classname="testcases.RegressionTest" name="usedCars" time="19.311"/>
  <testcase classname="testcases.RegressionTest" name="usedCars" time="15.703"/>
  <testcase classname="testcases.RegressionTest" name="googleSignIn" time="10.238"/>
  <testcase classname="testcases.RegressionTest" name="googleSignIn" time="8.188"/>
</testsuite> <!-- testcases.RegressionTest -->
